0 info it worked if it ends with ok
1 verbose cli [ '/usr/local/bin/node',
1 verbose cli   '/usr/local/bin/npm',
1 verbose cli   'run-script',
1 verbose cli   'create-cr' ]
2 info using npm@3.10.10
3 info using node@v9.2.1
4 verbose run-script [ 'precreate-cr', 'create-cr', 'postcreate-cr' ]
5 info lifecycle track_issues@1.0.0~precreate-cr: track_issues@1.0.0
6 silly lifecycle track_issues@1.0.0~precreate-cr: no script for precreate-cr, continuing
7 info lifecycle track_issues@1.0.0~create-cr: track_issues@1.0.0
8 verbose lifecycle track_issues@1.0.0~create-cr: unsafe-perm in lifecycle true
9 verbose lifecycle track_issues@1.0.0~create-cr: PATH: /usr/local/lib/node_modules/npm/bin/node-gyp-bin:/home/anasuya/Desktop/track_issues/node_modules/.bin:/u01/app/oracle/product/11.2.0/xe/bin:/home/anasuya/liquibase-3.4.2-bin:/home/anasuya/.rvm/gems/ruby-2.3.0/bin:/home/anasuya/.rvm/gems/ruby-2.3.0@global/bin:/home/anasuya/.rvm/rubies/ruby-2.3.0/bin:/usr/local/sbin:/usr/local/bin:/usr/sbin:/usr/bin:/sbin:/bin:/usr/games:/usr/local/games:/usr/local/java/jdk1.8.0_131/bin:/usr/local/java/jdk1.8.0_131/jre/bin:/home/anasuya/.rvm/bin:/home/anasuya/.rvm/bin
10 verbose lifecycle track_issues@1.0.0~create-cr: CWD: /home/anasuya/Desktop/track_issues
11 silly lifecycle track_issues@1.0.0~create-cr: Args: [ '-c', 'node create-cr.js' ]
12 silly lifecycle track_issues@1.0.0~create-cr: Returned: code: 1  signal: null
13 info lifecycle track_issues@1.0.0~create-cr: Failed to exec create-cr script
14 verbose stack Error: track_issues@1.0.0 create-cr: `node create-cr.js`
14 verbose stack Exit status 1
14 verbose stack     at EventEmitter.<anonymous> (/usr/local/lib/node_modules/npm/lib/utils/lifecycle.js:255:16)
14 verbose stack     at EventEmitter.emit (events.js:159:13)
14 verbose stack     at ChildProcess.<anonymous> (/usr/local/lib/node_modules/npm/lib/utils/spawn.js:40:14)
14 verbose stack     at ChildProcess.emit (events.js:159:13)
14 verbose stack     at maybeClose (internal/child_process.js:943:16)
14 verbose stack     at Process.ChildProcess._handle.onexit (internal/child_process.js:220:5)
15 verbose pkgid track_issues@1.0.0
16 verbose cwd /home/anasuya/Desktop/track_issues
17 error Linux 4.4.0-130-generic
18 error argv "/usr/local/bin/node" "/usr/local/bin/npm" "run-script" "create-cr"
19 error node v9.2.1
20 error npm  v3.10.10
21 error code ELIFECYCLE
22 error track_issues@1.0.0 create-cr: `node create-cr.js`
22 error Exit status 1
23 error Failed at the track_issues@1.0.0 create-cr script 'node create-cr.js'.
23 error Make sure you have the latest version of node.js and npm installed.
23 error If you do, this is most likely a problem with the track_issues package,
23 error not with npm itself.
23 error Tell the author that this fails on your system:
23 error     node create-cr.js
23 error You can get information on how to open an issue for this project with:
23 error     npm bugs track_issues
23 error Or if that isn't available, you can get their info via:
23 error     npm owner ls track_issues
23 error There is likely additional logging output above.
24 verbose exit [ 1, true ]
